#
# There is insufficient memory for the Java Runtime Environment to continue.
# Native memory allocation (mmap) failed to map 65536 bytes for Failed to commit metaspace.
# Possible reasons:
#   The system is out of physical RAM or swap space
#   The process is running with CompressedOops enabled, and the Java Heap may be blocking the growth of the native heap
# Possible solutions:
#   Reduce memory load on the system
#   Increase physical memory or swap space
#   Check if swap backing store is full
#   Decrease Java heap size (-Xmx/-Xms)
#   Decrease number of Java threads
#   Decrease Java thread stack sizes (-Xss)
#   Set larger code cache with -XX:ReservedCodeCacheSize=
#   JVM is running with Unscaled Compressed Oops mode in which the Java heap is
#     placed in the first 4GB address space. The Java Heap base address is the
#     maximum limit for the native heap growth. Please use -XX:HeapBaseMinAddress
#     to set the Java Heap base and to place the Java Heap above 4GB virtual address.
# This output file may be truncated or incomplete.
#
#  Out of Memory Error (virtualSpaceNode.cpp:108), pid=1204, tid=17140
#
# JRE version: OpenJDK Runtime Environment (16.0.2+7) (build 16.0.2+7-67)
# Java VM: OpenJDK 64-Bit Server VM (16.0.2+7-67, mixed mode, sharing, tiered, compressed oops, compressed class ptrs, g1 gc, windows-amd64)
# No core dump will be written. Minidumps are not enabled by default on client versions of Windows
#

---------------  S U M M A R Y ------------

Command Line: -XX:TieredStopAtLevel=1 -Xverify:none -Dspring.output.ansi.enabled=always -javaagent:C:\Program Files\JetBrains\IntelliJ IDEA 2021.2.1\lib\idea_rt.jar=59056:C:\Program Files\JetBrains\IntelliJ IDEA 2021.2.1\bin -Dcom.sun.management.jmxremote -Dspring.jmx.enabled=true -Dspring.liveBeansView.mbeanDomain -Dspring.application.admin.enabled=true -Dfile.encoding=UTF-8 com.example.lab1.Lab1Application

Host: Intel(R) Core(TM) i7-4770K CPU @ 3.50GHz, 8 cores, 7G,  Windows 10 , 64 bit Build 19041 (10.0.19041.1151)
Time: Mon Sep 13 15:36:18 2021 RTZ 2 (s 10 , 64 bit Build 19041 (10.0.19041.1151) elapsed time: 0.412581 seconds (0d 0h 0m 0s)

---------------  T H R E A D  ---------------

Current thread (0x0000020edc6b1d40):  JavaThread "main" [_thread_in_vm, id=17140, stack(0x00000092e4d00000,0x00000092e4e00000)]

Stack: [0x00000092e4d00000,0x00000092e4e00000]
Native frames: (J=compiled Java code, j=interpreted, Vv=VM code, C=native code)
V  [jvm.dll+0x6681ca]
V  [jvm.dll+0x7c9e69]
V  [jvm.dll+0x7cb61e]
V  [jvm.dll+0x7cbc73]
V  [jvm.dll+0x242c55]
V  [jvm.dll+0x7c64eb]
V  [jvm.dll+0x60ddd6]
V  [jvm.dll+0x1be6ce]
V  [jvm.dll+0x610531]
V  [jvm.dll+0x60e6d1]
V  [jvm.dll+0x618d97]
V  [jvm.dll+0x1e97ef]
V  [jvm.dll+0x1e9d25]
V  [jvm.dll+0x1ea8af]
V  [jvm.dll+0x1df631]
V  [jvm.dll+0x535ff8]
V  [jvm.dll+0x742a71]
V  [jvm.dll+0x40703f]
V  [jvm.dll+0x40d362]
C  [java.dll+0x17c8]

Java frames: (J=compiled Java code, j=interpreted, Vv=VM code)
j  java.lang.ClassLoader.defineClass1(Ljava/lang/ClassLoader;Ljava/lang/String;[BIILjava/security/ProtectionDomain;Ljava/lang/String;)Ljava/lang/Class;+0 java.base@16.0.2
j  java.lang.ClassLoader.defineClass(Ljava/lang/String;[BIILjava/security/ProtectionDomain;)Ljava/lang/Class;+27 java.base@16.0.2
j  java.security.SecureClassLoader.defineClass(Ljava/lang/String;[BIILjava/security/CodeSource;)Ljava/lang/Class;+12 java.base@16.0.2
j  jdk.internal.loader.BuiltinClassLoader.defineClass(Ljava/lang/String;Ljdk/internal/loader/Resource;)Ljava/lang/Class;+117 java.base@16.0.2
j  jdk.internal.loader.BuiltinClassLoader.findClassOnClassPathOrNull(Ljava/lang/String;)Ljava/lang/Class;+37 java.base@16.0.2
j  jdk.internal.loader.BuiltinClassLoader.loadClassOrNull(Ljava/lang/String;Z)Ljava/lang/Class;+111 java.base@16.0.2
j  jdk.internal.loader.BuiltinClassLoader.loadClass(Ljava/lang/String;Z)Ljava/lang/Class;+3 java.base@16.0.2
j  jdk.internal.loader.ClassLoaders$AppClassLoader.loadClass(Ljava/lang/String;Z)Ljava/lang/Class;+36 java.base@16.0.2
j  java.lang.ClassLoader.loadClass(Ljava/lang/String;)Ljava/lang/Class;+3 java.base@16.0.2
v  ~StubRoutines::call_stub
j  com.example.lab1.Lab1Application.main([Ljava/lang/String;)V+3
v  ~StubRoutines::call_stub

---------------  P R O C E S S  ---------------

Threads class SMR info:
_java_thread_list=0x0000020efb3ab6b0, length=13, elements={
0x0000020edc6b1d40, 0x0000020efa446ed0, 0x0000020efa447aa0, 0x0000020efa45e210,
0x0000020efa45eb20, 0x0000020efa45f430, 0x0000020efa45fd40, 0x0000020efa460650,
0x0000020efa460fa0, 0x0000020edc78d890, 0x0000020efb22dec0, 0x0000020efb2307b0,
0x0000020efb3dc150
}

Java Threads: ( => current thread )
=>0x0000020edc6b1d40 JavaThread "main" [_thread_in_vm, id=17140, stack(0x00000092e4d00000,0x00000092e4e00000)]
  0x0000020efa446ed0 JavaThread "Reference Handler" daemon [_thread_blocked, id=22560, stack(0x00000092e5400000,0x00000092e5500000)]
  0x0000020efa447aa0 JavaThread "Finalizer" daemon [_thread_blocked, id=14092, stack(0x00000092e5500000,0x00000092e5600000)]
  0x0000020efa45e210 JavaThread "Signal Dispatcher" daemon [_thread_blocked, id=5048, stack(0x00000092e5600000,0x00000092e5700000)]
  0x0000020efa45eb20 JavaThread "Attach Listener" daemon [_thread_blocked, id=12128, stack(0x00000092e5700000,0x00000092e5800000)]
  0x0000020efa45f430 JavaThread "Service Thread" daemon [_thread_blocked, id=8632, stack(0x00000092e5800000,0x00000092e5900000)]
  0x0000020efa45fd40 JavaThread "Monitor Deflation Thread" daemon [_thread_blocked, id=22364, stack(0x00000092e5900000,0x00000092e5a00000)]
  0x0000020efa460650 JavaThread "C1 CompilerThread0" daemon [_thread_blocked, id=14128, stack(0x00000092e5a00000,0x00000092e5b00000)]
  0x0000020efa460fa0 JavaThread "Sweeper thread" daemon [_thread_blocked, id=10552, stack(0x00000092e5b00000,0x00000092e5c00000)]
  0x0000020edc78d890 JavaThread "Common-Cleaner" daemon [_thread_blocked, id=20040, stack(0x00000092e5c00000,0x00000092e5d00000)]
  0x0000020efb22dec0 JavaThread "Monitor Ctrl-Break" daemon [_thread_in_native, id=20552, stack(0x00000092e5d00000,0x00000092e5e00000)]
  0x0000020efb2307b0 JavaThread "Notification Thread" daemon [_thread_blocked, id=23188, stack(0x00000092e5e00000,0x00000092e5f00000)]
  0x0000020efb3dc150 JavaThread "RMI TCP Accept-0" daemon [_thread_in_native, id=14808, stack(0x00000092e5f00000,0x00000092e6000000)]

Other Threads:
  0x0000020efa441060 VMThread "VM Thread" [stack: 0x00000092e5300000,0x00000092e5400000] [id=5000]
  0x0000020efb3dcaf0 WatcherThread [stack: 0x00000092e6000000,0x00000092e6100000] [id=22124]
  0x0000020edc6f3680 GCTaskThread "GC Thread#0" [stack: 0x00000092e4e00000,0x00000092e4f00000] [id=16732]
  0x0000020edc704be0 ConcurrentGCThread "G1 Main Marker" [stack: 0x00000092e4f00000,0x00000092e5000000] [id=9944]
  0x0000020edc705d00 ConcurrentGCThread "G1 Conc#0" [stack: 0x00000092e5000000,0x00000092e5100000] [id=10428]
  0x0000020edc77efe0 ConcurrentGCThread "G1 Refine#0" [stack: 0x00000092e5100000,0x00000092e5200000] [id=23408]
  0x0000020edc77f970 ConcurrentGCThread "G1 Service" [stack: 0x00000092e5200000,0x00000092e5300000] [id=16684]

Threads with active compile tasks:

VM state: not at safepoint (normal execution)

VM Mutex/Monitor currently owned by a thread:  ([mutex/lock_event])
[0x0000020edc6a3ac0] MetaspaceExpand_lock - owner thread: 0x0000020edc6b1d40

Heap address: 0x0000000085000000, size: 1968 MB, Compressed Oops mode: 32-bit

CDS archive(s) mapped at: [0x0000000800000000-0x0000000800bb0000-0x0000000800bb0000), size 12255232, SharedBaseAddress: 0x0000000800000000, ArchiveRelocationMode: 0.
Compressed class space mapped at: 0x0000000800c00000-0x0000000840c00000, reserved size: 1073741824
Narrow klass base: 0x0000000800000000, Narrow klass shift: 3, Narrow klass range: 0x100000000

GC Precious Log:
 CPUs: 8 total, 8 available
 Memory: 7865M
 Large Page Support: Disabled
 NUMA Support: Disabled
 Compressed Oops: Enabled (32-bit)
 Heap Region Size: 1M
 Heap Min Capacity: 8M
 Heap Initial Capacity: 124M
 Heap Max Capacity: 1968M
 Pre-touch: Disabled
 Parallel Workers: 8
 Concurrent Workers: 2
 Concurrent Refinement Workers: 8
 Periodic GC: Disabled

Heap:
 garbage-first heap   total 126976K, used 8192K [0x0000000085000000, 0x0000000100000000)
  region size 1024K, 9 young (9216K), 0 survivors (0K)
 Metaspace       used 4147K, committed 4352K, reserved 1056768K
  class space    used 492K, committed 640K, reserved 1048576K

Heap Regions: E=young(eden), S=young(survivor), O=old, HS=humongous(starts), HC=humongous(continues), CS=collection set, F=free, OA=open archive, CA=closed archive, TAMS=top-at-mark-start (previous, next)
|   0|0x0000000085000000, 0x0000000085000000, 0x0000000085100000|  0%| F|  |TAMS 0x0000000085000000, 0x0000000085000000| Untracked 
|   1|0x0000000085100000, 0x0000000085100000, 0x0000000085200000|  0%| F|  |TAMS 0x0000000085100000, 0x0000000085100000| Untracked 
|   2|0x0000000085200000, 0x0000000085200000, 0x0000000085300000|  0%| F|  |TAMS 0x0000000085200000, 0x0000000085200000| Untracked 
|   3|0x0000000085300000, 0x0000000085300000, 0x0000000085400000|  0%| F|  |TAMS 0x0000000085300000, 0x0000000085300000| Untracked 
|   4|0x0000000085400000, 0x0000000085400000, 0x0000000085500000|  0%| F|  |TAMS 0x0000000085400000, 0x0000000085400000| Untracked 
|   5|0x0000000085500000, 0x0000000085500000, 0x0000000085600000|  0%| F|  |TAMS 0x0000000085500000, 0x0000000085500000| Untracked 
|   6|0x0000000085600000, 0x0000000085600000, 0x0000000085700000|  0%| F|  |TAMS 0x0000000085600000, 0x0000000085600000| Untracked 
|   7|0x0000000085700000, 0x0000000085700000, 0x0000000085800000|  0%| F|  |TAMS 0x0000000085700000, 0x0000000085700000| Untracked 
|   8|0x0000000085800000, 0x0000000085800000, 0x0000000085900000|  0%| F|  |TAMS 0x0000000085800000, 0x0000000085800000| Untracked 
|   9|0x0000000085900000, 0x0000000085900000, 0x0000000085a00000|  0%| F|  |TAMS 0x0000000085900000, 0x0000000085900000| Untracked 
|  10|0x0000000085a00000, 0x0000000085a00000, 0x0000000085b00000|  0%| F|  |TAMS 0x0000000085a00000, 0x0000000085a00000| Untracked 
|  11|0x0000000085b00000, 0x0000000085b00000, 0x0000000085c00000|  0%| F|  |TAMS 0x0000000085b00000, 0x0000000085b00000| Untracked 
|  12|0x0000000085c00000, 0x0000000085c00000, 0x0000000085d00000|  0%| F|  |TAMS 0x0000000085c00000, 0x0000000085c00000| Untracked 
|  13|0x0000000085d00000, 0x0000000085d00000, 0x0000000085e00000|  0%| F|  |TAMS 0x0000000085d00000, 0x0000000085d00000| Untracked 
|  14|0x0000000085e00000, 0x0000000085e00000, 0x0000000085f00000|  0%| F|  |TAMS 0x0000000085e00000, 0x0000000085e00000| Untracked 
|  15|0x0000000085f00000, 0x0000000085f00000, 0x0000000086000000|  0%| F|  |TAMS 0x0000000085f00000, 0x0000000085f00000| Untracked 
|  16|0x0000000086000000, 0x0000000086000000, 0x0000000086100000|  0%| F|  |TAMS 0x0000000086000000, 0x0000000086000000| Untracked 
|  17|0x0000000086100000, 0x0000000086100000, 0x0000000086200000|  0%| F|  |TAMS 0x0000000086100000, 0x0000000086100000| Untracked 
|  18|0x0000000086200000, 0x0000000086200000, 0x0000000086300000|  0%| F|  |TAMS 0x0000000086200000, 0x0000000086200000| Untracked 
|  19|0x0000000086300000, 0x0000000086300000, 0x0000000086400000|  0%| F|  |TAMS 0x0000000086300000, 0x0000000086300000| Untracked 
|  20|0x0000000086400000, 0x0000000086400000, 0x0000000086500000|  0%| F|  |TAMS 0x0000000086400000, 0x0000000086400000| Untracked 
|  21|0x0000000086500000, 0x0000000086500000, 0x0000000086600000|  0%| F|  |TAMS 0x0000000086500000, 0x0000000086500000| Untracked 
|  22|0x0000000086600000, 0x0000000086600000, 0x0000000086700000|  0%| F|  |TAMS 0x0000000086600000, 0x0000000086600000| Untracked 
|  23|0x0000000086700000, 0x0000000086700000, 0x0000000086800000|  0%| F|  |TAMS 0x0000000086700000, 0x0000000086700000| Untracked 
|  24|0x0000000086800000, 0x0000000086800000, 0x0000000086900000|  0%| F|  |TAMS 0x0000000086800000, 0x0000000086800000| Untracked 
|  25|0x0000000086900000, 0x0000000086900000, 0x0000000086a00000|  0%| F|  |TAMS 0x0000000086900000, 0x0000000086900000| Untracked 
|  26|0x0000000086a00000, 0x0000000086a00000, 0x0000000086b00000|  0%| F|  |TAMS 0x0000000086a00000, 0x0000000086a00000| Untracked 
|  27|0x0000000086b00000, 0x0000000086b00000, 0x0000000086c00000|  0%| F|  |TAMS 0x0000000086b00000, 0x0000000086b00000| Untracked 
|  28|0x0000000086c00000, 0x0000000086c00000, 0x0000000086d00000|  0%| F|  |TAMS 0x0000000086c00000, 0x0000000086c00000| Untracked 
|  29|0x0000000086d00000, 0x0000000086d00000, 0x0000000086e00000|  0%| F|  |TAMS 0x0000000086d00000, 0x0000000086d00000| Untracked 
|  30|0x0000000086e00000, 0x0000000086e00000, 0x0000000086f00000|  0%| F|  |TAMS 0x0000000086e00000, 0x0000000086e00000| Untracked 
|  31|0x0000000086f00000, 0x0000000086f00000, 0x0000000087000000|  0%| F|  |TAMS 0x0000000086f00000, 0x0000000086f00000| Untracked 
|  32|0x0000000087000000, 0x0000000087000000, 0x0000000087100000|  0%| F|  |TAMS 0x0000000087000000, 0x0000000087000000| Untracked 
|  33|0x0000000087100000, 0x0000000087100000, 0x0000000087200000|  0%| F|  |TAMS 0x0000000087100000, 0x0000000087100000| Untracked 
|  34|0x0000000087200000, 0x0000000087200000, 0x0000000087300000|  0%| F|  |TAMS 0x0000000087200000, 0x0000000087200000| Untracked 
|  35|0x0000000087300000, 0x0000000087300000, 0x0000000087400000|  0%| F|  |TAMS 0x0000000087300000, 0x0000000087300000| Untracked 
|  36|0x0000000087400000, 0x0000000087400000, 0x0000000087500000|  0%| F|  |TAMS 0x0000000087400000, 0x0000000087400000| Untracked 
|  37|0x0000000087500000, 0x0000000087500000, 0x0000000087600000|  0%| F|  |TAMS 0x0000000087500000, 0x0000000087500000| Untracked 
|  38|0x0000000087600000, 0x0000000087600000, 0x0000000087700000|  0%| F|  |TAMS 0x0000000087600000, 0x0000000087600000| Untracked 
|  39|0x0000000087700000, 0x0000000087700000, 0x0000000087800000|  0%| F|  |TAMS 0x0000000087700000, 0x0000000087700000| Untracked 
|  40|0x0000000087800000, 0x0000000087800000, 0x0000000087900000|  0%| F|  |TAMS 0x0000000087800000, 0x0000000087800000| Untracked 
|  41|0x0000000087900000, 0x0000000087900000, 0x0000000087a00000|  0%| F|  |TAMS 0x0000000087900000, 0x0000000087900000| Untracked 
|  42|0x0000000087a00000, 0x0000000087a00000, 0x0000000087b00000|  0%| F|  |TAMS 0x0000000087a00000, 0x0000000087a00000| Untracked 
|  43|0x0000000087b00000, 0x0000000087b00000, 0x0000000087c00000|  0%| F|  |TAMS 0x0000000087b00000, 0x0000000087b00000| Untracked 
|  44|0x0000000087c00000, 0x0000000087c00000, 0x0000000087d00000|  0%| F|  |TAMS 0x0000000087c00000, 0x0000000087c00000| Untracked 
|  45|0x0000000087d00000, 0x0000000087d00000, 0x0000000087e00000|  0%| F|  |TAMS 0x0000000087d00000, 0x0000000087d00000| Untracked 
|  46|0x0000000087e00000, 0x0000000087e00000, 0x0000000087f00000|  0%| F|  |TAMS 0x0000000087e00000, 0x0000000087e00000| Untracked 
|  47|0x0000000087f00000, 0x0000000087f00000, 0x0000000088000000|  0%| F|  |TAMS 0x0000000087f00000, 0x0000000087f00000| Untracked 
|  48|0x0000000088000000, 0x0000000088000000, 0x0000000088100000|  0%| F|  |TAMS 0x0000000088000000, 0x0000000088000000| Untracked 
|  49|0x0000000088100000, 0x0000000088100000, 0x0000000088200000|  0%| F|  |TAMS 0x0000000088100000, 0x0000000088100000| Untracked 
|  50|0x0000000088200000, 0x0000000088200000, 0x0000000088300000|  0%| F|  |TAMS 0x0000000088200000, 0x0000000088200000| Untracked 
|  51|0x0000000088300000, 0x0000000088300000, 0x0000000088400000|  0%| F|  |TAMS 0x0000000088300000, 0x0000000088300000| Untracked 
|  52|0x0000000088400000, 0x0000000088400000, 0x0000000088500000|  0%| F|  |TAMS 0x0000000088400000, 0x0000000088400000| Untracked 
|  53|0x0000000088500000, 0x0000000088500000, 0x0000000088600000|  0%| F|  |TAMS 0x0000000088500000, 0x0000000088500000| Untracked 
|  54|0x0000000088600000, 0x0000000088600000, 0x0000000088700000|  0%| F|  |TAMS 0x0000000088600000, 0x0000000088600000| Untracked 
|  55|0x0000000088700000, 0x0000000088700000, 0x0000000088800000|  0%| F|  |TAMS 0x0000000088700000, 0x0000000088700000| Untracked 
|  56|0x0000000088800000, 0x0000000088800000, 0x0000000088900000|  0%| F|  |TAMS 0x0000000088800000, 0x0000000088800000| Untracked 
|  57|0x0000000088900000, 0x0000000088900000, 0x0000000088a00000|  0%| F|  |TAMS 0x0000000088900000, 0x0000000088900000| Untracked 
|  58|0x0000000088a00000, 0x0000000088a00000, 0x0000000088b00000|  0%| F|  |TAMS 0x0000000088a00000, 0x0000000088a00000| Untracked 
|  59|0x0000000088b00000, 0x0000000088b00000, 0x0000000088c00000|  0%| F|  |TAMS 0x0000000088b00000, 0x0000000088b00000| Untracked 
|  60|0x0000000088c00000, 0x0000000088c00000, 0x0000000088d00000|  0%| F|  |TAMS 0x0000000088c00000, 0x0000000088c00000| Untracked 
|  61|0x0000000088d00000, 0x0000000088d00000, 0x0000000088e00000|  0%| F|  |TAMS 0x0000000088d00000, 0x0000000088d00000| Untracked 
|  62|0x0000000088e00000, 0x0000000088e00000, 0x0000000088f00000|  0%| F|  |TAMS 0x0000000088e00000, 0x0000000088e00000| Untracked 
|  63|0x0000000088f00000, 0x0000000088f00000, 0x0000000089000000|  0%| F|  |TAMS 0x0000000088f00000, 0x0000000088f00000| Untracked 
|  64|0x0000000089000000, 0x0000000089000000, 0x0000000089100000|  0%| F|  |TAMS 0x0000000089000000, 0x0000000089000000| Untracked 
|  65|0x0000000089100000, 0x0000000089100000, 0x0000000089200000|  0%| F|  |TAMS 0x0000000089100000, 0x0000000089100000| Untracked 
|  66|0x0000000089200000, 0x0000000089200000, 0x0000000089300000|  0%| F|  |TAMS 0x0000000089200000, 0x0000000089200000| Untracked 
|  67|0x0000000089300000, 0x0000000089300000, 0x0000000089400000|  0%| F|  |TAMS 0x0000000089300000, 0x0000000089300000| Untracked 
|  68|0x0000000089400000, 0x0000000089400000, 0x0000000089500000|  0%| F|  |TAMS 0x0000000089400000, 0x0000000089400000| Untracked 
|  69|0x0000000089500000, 0x0000000089500000, 0x0000000089600000|  0%| F|  |TAMS 0x0000000089500000, 0x0000000089500000| Untracked 
|  70|0x0000000089600000, 0x0000000089600000, 0x0000000089700000|  0%| F|  |TAMS 0x0000000089600000, 0x0000000089600000| Untracked 
|  71|0x0000000089700000, 0x0000000089700000, 0x0000000089800000|  0%| F|  |TAMS 0x0000000089700000, 0x0000000089700000| Untracked 
|  72|0x0000000089800000, 0x0000000089800000, 0x0000000089900000|  0%| F|  |TAMS 0x0000000089800000, 0x0000000089800000| Untracked 
|  73|0x0000000089900000, 0x0000000089900000, 0x0000000089a00000|  0%| F|  |TAMS 0x0000000089900000, 0x0000000089900000| Untracked 
|  74|0x0000000089a00000, 0x0000000089a00000, 0x0000000089b00000|  0%| F|  |TAMS 0x0000000089a00000, 0x0000000089a00000| Untracked 
|  75|0x0000000089b00000, 0x0000000089b00000, 0x0000000089c00000|  0%| F|  |TAMS 0x0000000089b00000, 0x0000000089b00000| Untracked 
|  76|0x0000000089c00000, 0x0000000089c00000, 0x0000000089d00000|  0%| F|  |TAMS 0x0000000089c00000, 0x0000000089c00000| Untracked 
|  77|0x0000000089d00000, 0x0000000089d00000, 0x0000000089e00000|  0%| F|  |TAMS 0x0000000089d00000, 0x0000000089d00000| Untracked 
|  78|0x0000000089e00000, 0x0000000089e00000, 0x0000000089f00000|  0%| F|  |TAMS 0x0000000089e00000, 0x0000000089e00000| Untracked 
|  79|0x0000000089f00000, 0x0000000089f00000, 0x000000008a000000|  0%| F|  |TAMS 0x0000000089f00000, 0x0000000089f00000| Untracked 
|  80|0x000000008a000000, 0x000000008a000000, 0x000000008a100000|  0%| F|  |TAMS 0x000000008a000000, 0x000000008a000000| Untracked 
|  81|0x000000008a100000, 0x000000008a100000, 0x000000008a200000|  0%| F|  |TAMS 0x000000008a100000, 0x000000008a100000| Untracked 
|  82|0x000000008a200000, 0x000000008a200000, 0x000000008a300000|  0%| F|  |TAMS 0x000000008a200000, 0x000000008a200000| Untracked 
|  83|0x000000008a300000, 0x000000008a300000, 0x000000008a400000|  0%| F|  |TAMS 0x000000008a300000, 0x000000008a300000| Untracked 
|  84|0x000000008a400000, 0x000000008a400000, 0x000000008a500000|  0%| F|  |TAMS 0x000000008a400000, 0x000000008a400000| Untracked 
|  85|0x000000008a500000, 0x000000008a500000, 0x000000008a600000|  0%| F|  |TAMS 0x000000008a500000, 0x000000008a500000| Untracked 
|  86|0x000000008a600000, 0x000000008a600000, 0x000000008a700000|  0%| F|  |TAMS 0x000000008a600000, 0x000000008a600000| Untracked 
|  87|0x000000008a700000, 0x000000008a700000, 0x000000008a800000|  0%| F|  |TAMS 0x000000008a700000, 0x000000008a700000| Untracked 
|  88|0x000000008a800000, 0x000000008a800000, 0x000000008a900000|  0%| F|  |TAMS 0x000000008a800000, 0x000000008a800000| Untracked 
|  89|0x000000008a900000, 0x000000008a900000, 0x000000008aa00000|  0%| F|  |TAMS 0x000000008a900000, 0x000000008a900000| Untracked 
|  90|0x000000008aa00000, 0x000000008aa00000, 0x000000008ab00000|  0%| F|  |TAMS 0x000000008aa00000, 0x000000008aa00000| Untracked 
|  91|0x000000008ab00000, 0x000000008ab00000, 0x000000008ac00000|  0%| F|  |TAMS 0x000000008ab00000, 0x000000008ab00000| Untracked 
|  92|0x000000008ac00000, 0x000000008ac00000, 0x000000008ad00000|  0%| F|  |TAMS 0x000000008ac00000, 0x000000008ac00000| Untracked 
|  93|0x000000008ad00000, 0x000000008ad00000, 0x000000008ae00000|  0%| F|  |TAMS 0x000000008ad00000, 0x000000008ad00000| Untracked 
|  94|0x000000008ae00000, 0x000000008ae00000, 0x000000008af00000|  0%| F|  |TAMS 0x000000008ae00000, 0x000000008ae00000| Untracked 
|  95|0x000000008af00000, 0x000000008af00000, 0x000000008b000000|  0%| F|  |TAMS 0x000000008af00000, 0x000000008af00000| Untracked 
|  96|0x000000008b000000, 0x000000008b000000, 0x000000008b100000|  0%| F|  |TAMS 0x000000008b000000, 0x000000008b000000| Untracked 
|  97|0x000000008b100000, 0x000000008b100000, 0x000000008b200000|  0%| F|  |TAMS 0x000000008b100000, 0x000000008b100000| Untracked 
|  98|0x000000008b200000, 0x000000008b200000, 0x000000008b300000|  0%| F|  |TAMS 0x000000008b200000, 0x000000008b200000| Untracked 
|  99|0x000000008b300000, 0x000000008b300000, 0x000000008b400000|  0%| F|  |TAMS 0x000000008b300000, 0x000000008b300000| Untracked 
| 100|0x000000008b400000, 0x000000008b400000, 0x000000008b500000|  0%| F|  |TAMS 0x000000008b400000, 0x000000008b400000| Untracked 
| 101|0x000000008b500000, 0x000000008b500000, 0x000000008b600000|  0%| F|  |TAMS 0x000000008b500000, 0x000000008b500000| Untracked 
| 102|0x000000008b600000, 0x000000008b600000, 0x000000008b700000|  0%| F|  |TAMS 0x000000008b600000, 0x000000008b600000| Untracked 
| 103|0x000000008b700000, 0x000000008b700000, 0x000000008b800000|  0%| F|  |TAMS 0x000000008b700000, 0x000000008b700000| Untracked 
| 104|0x000000008b800000, 0x000000008b800000, 0x000000008b900000|  0%| F|  |TAMS 0x000000008b800000, 0x000000008b800000| Untracked 
| 105|0x000000008b900000, 0x000000008b900000, 0x000000008ba00000|  0%| F|  |TAMS 0x000000008b900000, 0x000000008b900000| Untracked 
| 106|0x000000008ba00000, 0x000000008ba00000, 0x000000008bb00000|  0%| F|  |TAMS 0x000000008ba00000, 0x000000008ba00000| Untracked 
| 107|0x000000008bb00000, 0x000000008bb00000, 0x000000008bc00000|  0%| F|  |TAMS 0x000000008bb00000, 0x000000008bb00000| Untracked 
| 108|0x000000008bc00000, 0x000000008bc00000, 0x000000008bd00000|  0%| F|  |TAMS 0x000000008bc00000, 0x000000008bc00000| Untracked 
| 109|0x000000008bd00000, 0x000000008bd00000, 0x000000008be00000|  0%| F|  |TAMS 0x000000008bd00000, 0x000000008bd00000| Untracked 
| 110|0x000000008be00000, 0x000000008be00000, 0x000000008bf00000|  0%| F|  |TAMS 0x000000008be00000, 0x000000008be00000| Untracked 
| 111|0x000000008bf00000, 0x000000008bf00000, 0x000000008c000000|  0%| F|  |TAMS 0x000000008bf00000, 0x000000008bf00000| Untracked 
| 112|0x000000008c000000, 0x000000008c000000, 0x000000008c100000|  0%| F|  |TAMS 0x000000008c000000, 0x000000008c000000| Untracked 
| 113|0x000000008c100000, 0x000000008c100000, 0x000000008c200000|  0%| F|  |TAMS 0x000000008c100000, 0x000000008c100000| Untracked 
| 114|0x000000008c200000, 0x000000008c200000, 0x000000008c300000|  0%| F|  |TAMS 0x000000008c200000, 0x000000008c200000| Untracked 
| 115|0x000000008c300000, 0x000000008c376538, 0x000000008c400000| 46%| E|  |TAMS 0x000000008c300000, 0x000000008c300000| Complete 
| 116|0x000000008c400000, 0x000000008c500000, 0x000000008c500000|100%| E|CS|TAMS 0x000000008c400000, 0x000000008c400000| Complete 
| 117|0x000000008c500000, 0x000000008c600000, 0x000000008c600000|100%| E|CS|TAMS 0x000000008c500000, 0x000000008c500000| Complete 
| 118|0x000000008c600000, 0x000000008c700000, 0x000000008c700000|100%| E|CS|TAMS 0x000000008c600000, 0x000000008c600000| Complete 
| 119|0x000000008c700000, 0x000000008c800000, 0x000000008c800000|100%| E|CS|TAMS 0x000000008c700000, 0x000000008c700000| Complete 
| 120|0x000000008c800000, 0x000000008c900000, 0x000000008c900000|100%| E|CS|TAMS 0x000000008c800000, 0x000000008c800000| Complete 
| 121|0x000000008c900000, 0x000000008ca00000, 0x000000008ca00000|100%| E|CS|TAMS 0x000000008c900000, 0x000000008c900000| Complete 
| 122|0x000000008ca00000, 0x000000008cb00000, 0x000000008cb00000|100%| E|CS|TAMS 0x000000008ca00000, 0x000000008ca00000| Complete 
| 123|0x000000008cb00000, 0x000000008cc00000, 0x000000008cc00000|100%| E|CS|TAMS 0x000000008cb00000, 0x000000008cb00000| Complete 

Card table byte_map: [0x0000020ef3530000,0x0000020ef3910000] _byte_map_base: 0x0000020ef3108000

Marking Bits (Prev, Next): (CMBitMap*) 0x0000020edc6f4c10, (CMBitMap*) 0x0000020edc6f4c50
 Prev Bits: [0x0000020ef3cf0000, 0x0000020ef5bb0000)
 Next Bits: [0x0000020ef5bb0000, 0x0000020ef7a70000)

Polling page: 0x0000020eda610000

Metaspace:

Usage:
  Non-class:      3.57 MB used.
      Class:    492.26 KB used.
       Both:      4.05 MB used.

Virtual space:
  Non-class space:        8.00 MB reserved,       3.62 MB ( 45%) committed,  1 nodes.
      Class space:        1.00 GB reserved,     640.00 KB ( <1%) committed,  1 nodes.
              Both:        1.01 GB reserved,       4.25 MB ( <1%) committed. 

Chunk freelists:
   Non-Class:  3.86 MB
       Class:  3.25 MB
        Both:  7.11 MB

MaxMetaspaceSize: 17179869184.00 GB
CompressedClassSpaceSize: 1.00 GB
 - commit_granule_bytes: 65536.
 - commit_granule_words: 8192.
 - virtual_space_node_default_size: 1048576.
 - enlarge_chunks_in_place: 1.
 - new_chunks_are_fully_committed: 0.
 - uncommit_free_chunks: 1.
 - use_allocation_guard: 0.
 - handle_deallocations: 1.


Internal statistics:

num_allocs_failed_limit: 0.
num_arena_births: 90.
num_arena_deaths: 0.
num_vsnodes_births: 2.
num_vsnodes_deaths: 0.
num_space_committed: 68.
num_space_uncommitted: 0.
num_chunks_returned_to_freelist: 0.
num_chunks_taken_from_freelist: 108.
num_chunk_merges: 0.
num_chunk_splits: 70.
num_chunks_enlarged: 40.
num_purges: 0.

CodeHeap 'non-profiled nmethods': size=238336Kb used=952Kb max_used=952Kb free=237383Kb
 bounds [0x0000020ee4560000, 0x0000020ee47d0000, 0x0000020ef2e20000]
CodeHeap 'non-nmethods': size=7424Kb used=1162Kb max_used=1162Kb free=6262Kb
 bounds [0x0000020ee3e20000, 0x0000020ee4090000, 0x0000020ee4560000]
 total_blobs=1207 nmethods=754 adapters=381
 compilation: enabled
              stopped_count=0, restarted_count=0
 full_count=0

Compilation events (20 events):
Event: 0.402 Thread 0x0000020efa460650 nmethod 744 0x0000020ee4648290 code [0x0000020ee4648460, 0x0000020ee4648b28]
Event: 0.404 Thread 0x0000020efa460650  745       1       jdk.internal.reflect.ClassFileAssembler::emitShort (24 bytes)
Event: 0.405 Thread 0x0000020efa460650 nmethod 745 0x0000020ee4648d90 code [0x0000020ee4648f40, 0x0000020ee46490f8]
Event: 0.405 Thread 0x0000020efa460650  746       1       jdk.internal.reflect.ClassFileAssembler::cpi (22 bytes)
Event: 0.405 Thread 0x0000020efa460650 nmethod 746 0x0000020ee4649210 code [0x0000020ee46493c0, 0x0000020ee4649548]
Event: 0.406 Thread 0x0000020efa460650  747       1       java.lang.StringBuilder::append (8 bytes)
Event: 0.406 Thread 0x0000020efa460650 nmethod 747 0x0000020ee4649610 code [0x0000020ee46497a0, 0x0000020ee4649888]
Event: 0.406 Thread 0x0000020efa460650  749       1       jdk.internal.reflect.UTF8::utf8Length (81 bytes)
Event: 0.406 Thread 0x0000020efa460650 nmethod 749 0x0000020ee4649910 code [0x0000020ee4649ac0, 0x0000020ee4649d78]
Event: 0.406 Thread 0x0000020efa460650  750       1       jdk.internal.reflect.ClassFileAssembler::emitConstantPoolUTF8 (50 bytes)
Event: 0.407 Thread 0x0000020efa460650 nmethod 750 0x0000020ee464a010 code [0x0000020ee464a200, 0x0000020ee464a528]
Event: 0.407 Thread 0x0000020efa460650  751   !   1       jdk.internal.reflect.UTF8::encode (191 bytes)
Event: 0.407 Thread 0x0000020efa460650 nmethod 751 0x0000020ee464a810 code [0x0000020ee464aa00, 0x0000020ee464af98]
Event: 0.407 Thread 0x0000020efa460650  752       1       jdk.internal.reflect.ByteVectorImpl::getLength (7 bytes)
Event: 0.408 Thread 0x0000020efa460650 nmethod 752 0x0000020ee464b490 code [0x0000020ee464b620, 0x0000020ee464b6f8]
Event: 0.408 Thread 0x0000020efa460650  753       1       jdk.internal.reflect.ByteVectorImpl::get (26 bytes)
Event: 0.408 Thread 0x0000020efa460650 nmethod 753 0x0000020ee464b790 code [0x0000020ee464b940, 0x0000020ee464ba88]
Event: 0.408 Thread 0x0000020efa460650  748       1       java.lang.AbstractStringBuilder::append (55 bytes)
Event: 0.408 Thread 0x0000020efa460650 nmethod 748 0x0000020ee464bb90 code [0x0000020ee464bd60, 0x0000020ee464bf18]
Event: 0.410 Thread 0x0000020efa460650  754  s!   1       jdk.internal.loader.URLClassPath::getLoader (194 bytes)

GC Heap History (0 events):
No events

Deoptimization events (0 events):
No events

Classes unloaded (0 events):
No events

Classes redefined (0 events):
No events

Internal exceptions (14 events):
Event: 0.162 Thread 0x0000020edc6b1d40 Exception <a 'java/lang/NoSuchMethodError'{0x000000008c8baf58}: 'void java.lang.invoke.DirectMethodHandle$Holder.invokeSpecial(java.lang.Object, java.lang.Object, java.lang.Object)'> (0x000000008c8baf58) 
thrown [t:\workspace\open\src\hotspot\share\interpreter\linkResolver.cpp, line 790]
Event: 0.162 Thread 0x0000020efb22dec0 Exception <a 'java/lang/NoSuchMethodError'{0x000000008c708f30}: 'java.lang.Object java.lang.invoke.DirectMethodHandle$Holder.invokeStatic(java.lang.Object)'> (0x000000008c708f30) 
thrown [t:\workspace\open\src\hotspot\share\interpreter\linkResolver.cpp, line 790]
Event: 0.162 Thread 0x0000020efb22dec0 Exception <a 'java/lang/NoSuchMethodError'{0x000000008c70c680}: 'java.lang.Object java.lang.invoke.DirectMethodHandle$Holder.invokeStaticInit(java.lang.Object)'> (0x000000008c70c680) 
thrown [t:\workspace\open\src\hotspot\share\interpreter\linkResolver.cpp, line 790]
Event: 0.167 Thread 0x0000020efb22dec0 Exception <a 'java/lang/NoSuchMethodError'{0x000000008c719bc8}: 'void java.lang.invoke.DirectMethodHandle$Holder.invokeStatic(java.lang.Object, java.lang.Object)'> (0x000000008c719bc8) 
thrown [t:\workspace\open\src\hotspot\share\interpreter\linkResolver.cpp, line 790]
Event: 0.200 Thread 0x0000020edc6b1d40 Exception <a 'java/lang/NoSuchMethodError'{0x000000008c777fc0}: 'java.lang.Object java.lang.invoke.DirectMethodHandle$Holder.invokeInterface(java.lang.Object, java.lang.Object)'> (0x000000008c777fc0) 
thrown [t:\workspace\open\src\hotspot\share\interpreter\linkResolver.cpp, line 790]
Event: 0.202 Thread 0x0000020edc6b1d40 Exception <a 'java/lang/NoSuchMethodError'{0x000000008c7803d0}: 'java.lang.Object java.lang.invoke.DirectMethodHandle$Holder.invokeStaticInit(java.lang.Object, java.lang.Object, java.lang.Object)'> (0x000000008c7803d0) 
thrown [t:\workspace\open\src\hotspot\share\interpreter\linkResolver.cpp, line 790]
Event: 0.206 Thread 0x0000020edc6b1d40 Exception <a 'java/lang/NoSuchMethodError'{0x000000008c79d748}: 'int java.lang.invoke.DirectMethodHandle$Holder.invokeInterface(java.lang.Object, java.lang.Object)'> (0x000000008c79d748) 
thrown [t:\workspace\open\src\hotspot\share\interpreter\linkResolver.cpp, line 790]
Event: 0.206 Thread 0x0000020edc6b1d40 Exception <a 'java/lang/IncompatibleClassChangeError'{0x000000008c7a0f40}: Found class java.lang.Object, but interface was expected> (0x000000008c7a0f40) 
thrown [t:\workspace\open\src\hotspot\share\interpreter\linkResolver.cpp, line 857]
Event: 0.259 Thread 0x0000020edc6b1d40 Exception <a 'java/lang/NoSuchMethodError'{0x000000008c66e4e0}: 'int java.lang.invoke.DirectMethodHandle$Holder.invokeSpecial(java.lang.Object, java.lang.Object, java.lang.Object)'> (0x000000008c66e4e0) 
thrown [t:\workspace\open\src\hotspot\share\interpreter\linkResolver.cpp, line 790]
Event: 0.295 Thread 0x0000020edc6b1d40 Exception <a 'java/lang/NoSuchMethodError'{0x000000008c535098}: 'void java.lang.invoke.DirectMethodHandle$Holder.invokeStatic(java.lang.Object, java.lang.Object, java.lang.Object)'> (0x000000008c535098) 
thrown [t:\workspace\open\src\hotspot\share\interpreter\linkResolver.cpp, line 790]
Event: 0.304 Thread 0x0000020edc6b1d40 Exception <a 'java/lang/NoSuchMethodError'{0x000000008c579ee8}: 'int java.lang.invoke.DirectMethodHandle$Holder.invokeSpecialIFC(java.lang.Object, java.lang.Object, java.lang.Object)'> (0x000000008c579ee8) 
thrown [t:\workspace\open\src\hotspot\share\interpreter\linkResolver.cpp, line 790]
Event: 0.326 Thread 0x0000020edc6b1d40 Exception <a 'java/lang/NoSuchMethodError'{0x000000008c5f0eb0}: 'java.lang.Object java.lang.invoke.DirectMethodHandle$Holder.invokeStaticInit(java.lang.Object, int, int, int, int)'> (0x000000008c5f0eb0) 
thrown [t:\workspace\open\src\hotspot\share\interpreter\linkResolver.cpp, line 790]
Event: 0.381 Thread 0x0000020edc6b1d40 Exception <a 'java/lang/NoSuchMethodError'{0x000000008c4ac088}: 'java.lang.Object java.lang.invoke.DirectMethodHandle$Holder.invokeStaticInit(java.lang.Object, java.lang.Object, int, int, int, int)'> (0x000000008c4ac088) 
thrown [t:\workspace\open\src\hotspot\share\interpreter\linkResolver.cpp, line 790]
Event: 0.393 Thread 0x0000020edc6b1d40 Exception <a 'java/lang/ClassNotFoundException'{0x000000008c4caa88}: javax/management/remote/rmi/RMIServerImpl_Skel> (0x000000008c4caa88) 
thrown [t:\workspace\open\src\hotspot\share\classfile\systemDictionary.cpp, line 256]

Events (20 events):
Event: 0.405 loading class java/io/ObjectStreamClass$FieldReflectorKey
Event: 0.405 loading class java/io/ObjectStreamClass$FieldReflectorKey done
Event: 0.405 loading class java/io/ObjectStreamClass$FieldReflector
Event: 0.406 loading class java/io/ObjectStreamClass$FieldReflector done
Event: 0.407 loading class java/io/ObjectStreamClass$ClassDataSlot
Event: 0.407 loading class java/io/ObjectStreamClass$ClassDataSlot done
Event: 0.407 loading class java/io/SerialCallbackContext
Event: 0.407 loading class java/io/SerialCallbackContext done
Event: 0.407 loading class sun/rmi/transport/ConnectionOutputStream
Event: 0.408 loading class sun/rmi/server/MarshalOutputStream
Event: 0.408 loading class sun/rmi/server/MarshalOutputStream done
Event: 0.408 loading class sun/rmi/transport/ConnectionOutputStream done
Event: 0.408 loading class jdk/internal/agent/ConnectorAddressLink
Event: 0.408 loading class jdk/internal/agent/ConnectorAddressLink done
Event: 0.408 loading class sun/management/counter/Units
Event: 0.408 loading class sun/management/counter/Units done
Event: 0.409 loading class jdk/internal/vm/PostVMInitHook
Event: 0.409 loading class jdk/internal/vm/PostVMInitHook done
Event: 0.409 loading class jdk/internal/loader/URLClassPath$FileLoader$1
Event: 0.409 loading class jdk/internal/loader/URLClassPath$FileLoader$1 done


Dynamic libraries:
0x00007ff6b0210000 - 0x00007ff6b021e000 	C:\Users\Alexander\.jdks\openjdk-16.0.2\bin\java.exe
0x00007ffacc630000 - 0x00007ffacc825000 	C:\WINDOWS\SYSTEM32\ntdll.dll
0x00007ffacb6d0000 - 0x00007ffacb78d000 	C:\WINDOWS\System32\KERNEL32.DLL
0x00007ffaca080000 - 0x00007ffaca349000 	C:\WINDOWS\System32\KERNELBASE.dll
0x00007ffac9f20000 - 0x00007ffaca020000 	C:\WINDOWS\System32\ucrtbase.dll
0x00007ffac59e0000 - 0x00007ffac59f9000 	C:\Users\Alexander\.jdks\openjdk-16.0.2\bin\VCRUNTIME140.dll
0x00007ffac5a00000 - 0x00007ffac5a18000 	C:\Users\Alexander\.jdks\openjdk-16.0.2\bin\jli.dll
0x00007ffacac30000 - 0x00007ffacadd0000 	C:\WINDOWS\System32\USER32.dll
0x00007ffac0640000 - 0x00007ffac08da000 	C:\WINDOWS\WinSxS\amd64_microsoft.windows.common-controls_6595b64144ccf1df_6.0.19041.1110_none_60b5254171f9507e\COMCTL32.dll
0x00007ffac9ef0000 - 0x00007ffac9f12000 	C:\WINDOWS\System32\win32u.dll
0x00007ffaca710000 - 0x00007ffaca7ae000 	C:\WINDOWS\System32\msvcrt.dll
0x00007ffacb800000 - 0x00007ffacb82a000 	C:\WINDOWS\System32\GDI32.dll
0x00007ffaca380000 - 0x00007ffaca48b000 	C:\WINDOWS\System32\gdi32full.dll
0x00007ffaca490000 - 0x00007ffaca52d000 	C:\WINDOWS\System32\msvcp_win.dll
0x00007ffacc3e0000 - 0x00007ffacc410000 	C:\WINDOWS\System32\IMM32.DLL
0x00007ffac5a40000 - 0x00007ffac5a4c000 	C:\Users\Alexander\.jdks\openjdk-16.0.2\bin\vcruntime140_1.dll
0x00007ffaab870000 - 0x00007ffaab901000 	C:\Users\Alexander\.jdks\openjdk-16.0.2\bin\msvcp140.dll
0x00007ffa9b4e0000 - 0x00007ffa9c08b000 	C:\Users\Alexander\.jdks\openjdk-16.0.2\bin\server\jvm.dll
0x00007ffacab80000 - 0x00007ffacac2c000 	C:\WINDOWS\System32\ADVAPI32.dll
0x00007ffaca7b0000 - 0x00007ffaca84b000 	C:\WINDOWS\System32\sechost.dll
0x00007ffacc410000 - 0x00007ffacc53a000 	C:\WINDOWS\System32\RPCRT4.dll
0x00007ffacbda0000 - 0x00007ffacbda8000 	C:\WINDOWS\System32\PSAPI.DLL
0x00007ffac5a30000 - 0x00007ffac5a39000 	C:\WINDOWS\SYSTEM32\WSOCK32.dll
0x00007ffac3c50000 - 0x00007ffac3c5a000 	C:\WINDOWS\SYSTEM32\VERSION.dll
0x00007ffac0ad0000 - 0x00007ffac0af7000 	C:\WINDOWS\SYSTEM32\WINMM.dll
0x00007ffacc370000 - 0x00007ffacc3db000 	C:\WINDOWS\System32\WS2_32.dll
0x00007ffac7c90000 - 0x00007ffac7ca2000 	C:\WINDOWS\SYSTEM32\kernel.appcore.dll
0x00007ffabe640000 - 0x00007ffabe64a000 	C:\Users\Alexander\.jdks\openjdk-16.0.2\bin\jimage.dll
0x00007ffab8040000 - 0x00007ffab8224000 	C:\WINDOWS\SYSTEM32\DBGHELP.DLL
0x00007ffab7e60000 - 0x00007ffab7e8c000 	C:\WINDOWS\SYSTEM32\dbgcore.DLL
0x00007ffac9db0000 - 0x00007ffac9e33000 	C:\WINDOWS\System32\bcryptPrimitives.dll
0x00007ffaba600000 - 0x00007ffaba60e000 	C:\Users\Alexander\.jdks\openjdk-16.0.2\bin\instrument.dll
0x00007ffab2610000 - 0x00007ffab2635000 	C:\Users\Alexander\.jdks\openjdk-16.0.2\bin\java.dll
0x00007ffacadd0000 - 0x00007ffacb50f000 	C:\WINDOWS\System32\SHELL32.dll
0x00007ffac7e90000 - 0x00007ffac8620000 	C:\WINDOWS\SYSTEM32\windows.storage.dll
0x00007ffacbe80000 - 0x00007ffacc1d5000 	C:\WINDOWS\System32\combase.dll
0x00007ffac96f0000 - 0x00007ffac971c000 	C:\WINDOWS\SYSTEM32\Wldp.dll
0x00007ffacc540000 - 0x00007ffacc5ee000 	C:\WINDOWS\System32\SHCORE.dll
0x00007ffacb790000 - 0x00007ffacb7e5000 	C:\WINDOWS\System32\shlwapi.dll
0x00007ffac9ca0000 - 0x00007ffac9cbf000 	C:\WINDOWS\SYSTEM32\profapi.dll
0x00007ffab3a20000 - 0x00007ffab3a38000 	C:\Users\Alexander\.jdks\openjdk-16.0.2\bin\zip.dll
0x00007ffab4d60000 - 0x00007ffab4d79000 	C:\Users\Alexander\.jdks\openjdk-16.0.2\bin\net.dll
0x00007ffac14f0000 - 0x00007ffac15f8000 	C:\WINDOWS\SYSTEM32\WINHTTP.dll
0x00007ffac9450000 - 0x00007ffac94ba000 	C:\WINDOWS\system32\mswsock.dll
0x00007ffab47e0000 - 0x00007ffab47f3000 	C:\Users\Alexander\.jdks\openjdk-16.0.2\bin\nio.dll
0x00007ffab2510000 - 0x00007ffab252a000 	C:\Program Files\JetBrains\IntelliJ IDEA 2021.2.1\bin\breakgen64.dll
0x00007ffac9180000 - 0x00007ffac924c000 	C:\WINDOWS\SYSTEM32\DNSAPI.dll
0x00007ffac9140000 - 0x00007ffac917b000 	C:\WINDOWS\SYSTEM32\IPHLPAPI.DLL
0x00007ffacb830000 - 0x00007ffacb838000 	C:\WINDOWS\System32\NSI.dll
0x00007ffabe3f0000 - 0x00007ffabe3fa000 	C:\Windows\System32\rasadhlp.dll
0x00007ffabf900000 - 0x00007ffabf97f000 	C:\WINDOWS\System32\fwpuclnt.dll
0x00007ffaca350000 - 0x00007ffaca377000 	C:\WINDOWS\System32\bcrypt.dll
0x00007ffab4d10000 - 0x00007ffab4d19000 	C:\Users\Alexander\.jdks\openjdk-16.0.2\bin\management.dll
0x00007ffab3b50000 - 0x00007ffab3b5b000 	C:\Users\Alexander\.jdks\openjdk-16.0.2\bin\management_ext.dll
0x00007ffac9650000 - 0x00007ffac9668000 	C:\WINDOWS\SYSTEM32\CRYPTSP.dll
0x00007ffac8dd0000 - 0x00007ffac8e04000 	C:\WINDOWS\system32\rsaenh.dll
0x00007ffac9c20000 - 0x00007ffac9c4e000 	C:\WINDOWS\SYSTEM32\USERENV.dll
0x00007ffac9640000 - 0x00007ffac964c000 	C:\WINDOWS\SYSTEM32\CRYPTBASE.dll
0x00007ffac4840000 - 0x00007ffac4857000 	C:\WINDOWS\SYSTEM32\dhcpcsvc6.DLL
0x00007ffac4820000 - 0x00007ffac483d000 	C:\WINDOWS\SYSTEM32\dhcpcsvc.DLL
0x00007ffab1300000 - 0x00007ffab1317000 	C:\WINDOWS\system32\napinsp.dll
0x00007ffab12e0000 - 0x00007ffab12fb000 	C:\WINDOWS\system32\pnrpnsp.dll
0x00007ffab12c0000 - 0x00007ffab12d5000 	C:\WINDOWS\system32\wshbth.dll
0x00007ffac58e0000 - 0x00007ffac58fd000 	C:\WINDOWS\system32\NLAapi.dll
0x00007ffab12a0000 - 0x00007ffab12b2000 	C:\WINDOWS\System32\winrnr.dll

dbghelp: loaded successfully - version: 4.0.5 - missing functions: none
symbol engine: initialized successfully - sym options: 0x614 - pdb path: .;C:\Users\Alexander\.jdks\openjdk-16.0.2\bin;C:\WINDOWS\SYSTEM32;C:\WINDOWS\WinSxS\amd64_microsoft.windows.common-controls_6595b64144ccf1df_6.0.19041.1110_none_60b5254171f9507e;C:\Users\Alexander\.jdks\openjdk-16.0.2\bin\server;C:\Program Files\JetBrains\IntelliJ IDEA 2021.2.1\bin

VM Arguments:
jvm_args: -XX:TieredStopAtLevel=1 -Xverify:none -Dspring.output.ansi.enabled=always -javaagent:C:\Program Files\JetBrains\IntelliJ IDEA 2021.2.1\lib\idea_rt.jar=59056:C:\Program Files\JetBrains\IntelliJ IDEA 2021.2.1\bin -Dcom.sun.management.jmxremote -Dspring.jmx.enabled=true -Dspring.liveBeansView.mbeanDomain -Dspring.application.admin.enabled=true -Dfile.encoding=UTF-8 
java_command: com.example.lab1.Lab1Application
java_class_path (initial): C:\Users\Alexander\IdeaProjects\lab1\target\classes;C:\Users\Alexander\.m2\repository\org\springframework\boot\spring-boot-starter-thymeleaf\2.5.2\spring-boot-starter-thymeleaf-2.5.2.jar;C:\Users\Alexander\.m2\repository\org\springframework\boot\spring-boot-starter\2.5.2\spring-boot-starter-2.5.2.jar;C:\Users\Alexander\.m2\repository\org\springframework\boot\spring-boot-starter-logging\2.5.2\spring-boot-starter-logging-2.5.2.jar;C:\Users\Alexander\.m2\repository\ch\qos\logback\logback-classic\1.2.3\logback-classic-1.2.3.jar;C:\Users\Alexander\.m2\repository\ch\qos\logback\logback-core\1.2.3\logback-core-1.2.3.jar;C:\Users\Alexander\.m2\repository\org\apache\logging\log4j\log4j-to-slf4j\2.14.1\log4j-to-slf4j-2.14.1.jar;C:\Users\Alexander\.m2\repository\org\apache\logging\log4j\log4j-api\2.14.1\log4j-api-2.14.1.jar;C:\Users\Alexander\.m2\repository\org\slf4j\jul-to-slf4j\1.7.31\jul-to-slf4j-1.7.31.jar;C:\Users\Alexander\.m2\repository\jakarta\annotation\jakarta.annotation-api\1.3.5\jakarta.annotation-api-1.3.5.jar;C:\Users\Alexander\.m2\repository\org\yaml\snakeyaml\1.28\snakeyaml-1.28.jar;C:\Users\Alexander\.m2\repository\org\thymeleaf\thymeleaf-spring5\3.0.12.RELEASE\thymeleaf-spring5-3.0.12.RELEASE.jar;C:\Users\Alexander\.m2\repository\org\thymeleaf\thymeleaf\3.0.12.RELEASE\thymeleaf-3.0.12.RELEASE.jar;C:\Users\Alexander\.m2\repository\org\attoparser\attoparser\2.0.5.RELEASE\attoparser-2.0.5.RELEASE.jar;C:\Users\Alexander\.m2\repository\org\unbescape\unbescape\1.1.6.RELEASE\unbescape-1.1.6.RELEASE.jar;C:\Users\Alexander\.m2\repository\org\slf4j\slf4j-api\1.7.31\slf4j-api-1.7.31.jar;C:\Users\Alexander\.m2\repository\org\thymeleaf\extras\thymeleaf-extras-java8time\3.0.4.RELEASE\thymeleaf-extras-java8time-3.0.4.RELEASE.jar;C:\Users\Alexander\.m2\repository\org\springframework\boot\spring-boot-starter-web\2.5.2\spring-boot-starter-web-2.5.2.jar;C:\Users\Alexander\.m2\repository\org\springframework\boot\spring-boot-starter-json\2.5.2\spring-
Launcher Type: SUN_STANDARD

[Global flags]
     intx CICompilerCount                          = 4                                         {product} {ergonomic}
     uint ConcGCThreads                            = 2                                         {product} {ergonomic}
     uint G1ConcRefinementThreads                  = 8                                         {product} {ergonomic}
   size_t G1HeapRegionSize                         = 1048576                                   {product} {ergonomic}
    uintx GCDrainStackTargetSize                   = 64                                        {product} {ergonomic}
   size_t InitialHeapSize                          = 130023424                                 {product} {ergonomic}
     bool ManagementServer                         = true                                      {product} {command line}
   size_t MarkStackSize                            = 4194304                                   {product} {ergonomic}
   size_t MaxHeapSize                              = 2063597568                                {product} {ergonomic}
   size_t MaxNewSize                               = 1237319680                                {product} {ergonomic}
   size_t MinHeapDeltaBytes                        = 1048576                                   {product} {ergonomic}
   size_t MinHeapSize                              = 8388608                                   {product} {ergonomic}
    uintx NonNMethodCodeHeapSize                   = 7549744                                {pd product} {ergonomic}
    uintx NonProfiledCodeHeapSize                  = 244108496                              {pd product} {ergonomic}
    uintx ProfiledCodeHeapSize                     = 0                                      {pd product} {ergonomic}
    uintx ReservedCodeCacheSize                    = 251658240                              {pd product} {ergonomic}
     bool SegmentedCodeCache                       = true                                      {product} {ergonomic}
   size_t SoftMaxHeapSize                          = 2063597568                             {manageable} {ergonomic}
     intx TieredStopAtLevel                        = 1                                         {product} {command line}
     bool UseCompressedClassPointers               = true                           {product lp64_product} {ergonomic}
     bool UseCompressedOops                        = true                           {product lp64_product} {ergonomic}
     bool UseG1GC                                  = true                                      {product} {ergonomic}
     bool UseLargePagesIndividualAllocation        = false                                  {pd product} {ergonomic}

Logging:
Log output configuration:
 #0: stdout all=warning uptime,level,tags
 #1: stderr all=off uptime,level,tags

Environment Variables:
PATH=C:\Program Files (x86)\Common Files\Oracle\Java\javapath;C:\Windows\system32;C:\Windows;C:\Windows\System32\Wbem;C:\Windows\System32\WindowsPowerShell\v1.0\;C:\Program Files (x86)\NVIDIA Corporation\PhysX\Common;C:\Program Files\NVIDIA Corporation\NVIDIA NvDLISR;C:\WINDOWS\system32;C:\WINDOWS;C:\WINDOWS\System32\Wbem;C:\WINDOWS\System32\WindowsPowerShell\v1.0\;C:\WINDOWS\System32\OpenSSH\;C:\Program Files\dotnet\;C:\Program Files\Git\cmd;C:\Program Files\MySQL\MySQL Shell 8.0\bin\;C:\Users\Alexander\AppData\Local\Microsoft\WindowsApps;C:\Users\Alexander\.dotnet\tools;C:\Program Files\CMake\bin;C:\Users\Alexander\AppData\Local\GitHubDesktop\bin;
USERNAME=Alexander
OS=Windows_NT
PROCESSOR_IDENTIFIER=Intel64 Family 6 Model 60 Stepping 3, GenuineIntel



---------------  S Y S T E M  ---------------

OS:
 Windows 10 , 64 bit Build 19041 (10.0.19041.1151)
OS uptime: 2 days 18:48 hours

CPU: total 8 (initial active 8) (4 cores per cpu, 2 threads per core) family 6 model 60 stepping 3 microcode 0x28, cx8, cmov, fxsr, ht, mmx, sse, sse2, sse3, ssse3, sse4.1, sse4.2, popcnt, lzcnt, tsc, tscinvbit, avx, avx2, aes, erms, clmul, bmi1, bmi2, fma, vzeroupper, clflush

Memory: 4k page, system-wide physical 7865M (1023M free)
TotalPageFile size 10961M (AvailPageFile size 3M)
current process WorkingSet (physical memory assigned to process): 46M, peak: 46M
current process commit charge ("private bytes"): 210M, peak: 210M

vm_info: OpenJDK 64-Bit Server VM (16.0.2+7-67) for windows-amd64 JRE (16.0.2+7-67), built on Jun  8 2021 23:21:43 by "mach5one" with MS VC++ 16.7 (VS2019)

END.
